<?xml version="1.0" encoding="UTF-8"?>
<!-- Generated by org.testng.reporters.JUnitReportReporter -->
<testsuite hostname="EFSPC13" name="Academy.validateNavigationBar" tests="1" failures="0" timestamp="7 Jun 2020 09:30:09 GMT" time="0.858" errors="0">
  <testcase name="validateAppNavBar" time="0.858" classname="Academy.validateNavigationBar"/>
</testsuite> <!-- Academy.validateNavigationBar -->
