<?xml version="1.0" encoding="UTF-8"?>
<!-- Generated by org.testng.reporters.JUnitReportReporter -->
<testsuite hostname="EFSPC13" name="Academy.validateNavigationBar" tests="1" failures="0" timestamp="7 Jun 2020 06:31:43 GMT" time="1.340" errors="0">
  <testcase name="validateAppNavBar" time="1.340" classname="Academy.validateNavigationBar"/>
</testsuite> <!-- Academy.validateNavigationBar -->
