<?xml version="1.0" encoding="UTF-8"?>
<!-- Generated by org.testng.reporters.JUnitReportReporter -->
<testsuite hostname="EFSPC13" name="Academy.HomePage" tests="2" failures="0" timestamp="7 Jun 2020 06:31:43 GMT" time="99.449" errors="0">
  <testcase name="basePageNavigation" time="86.322" classname="Academy.HomePage"/>
  <testcase name="basePageNavigation" time="13.127" classname="Academy.HomePage"/>
</testsuite> <!-- Academy.HomePage -->
